#! /c/Source/iverilog-install/bin/vvp
:ivl_version "12.0 (devel)" "(s20150603-1539-g2693dd32b)";
:ivl_delay_selection "TYPICAL";
:vpi_time_precision - 12;
:vpi_module "G:\applications\terminal\iverilog\iverilog\lib\ivl\system.vpi";
:vpi_module "G:\applications\terminal\iverilog\iverilog\lib\ivl\vhdl_sys.vpi";
:vpi_module "G:\applications\terminal\iverilog\iverilog\lib\ivl\vhdl_textio.vpi";
:vpi_module "G:\applications\terminal\iverilog\iverilog\lib\ivl\v2005_math.vpi";
:vpi_module "G:\applications\terminal\iverilog\iverilog\lib\ivl\va_math.vpi";
S_000001e531bb2ca0 .scope module, "tb_top_module" "tb_top_module" 2 5;
 .timescale -9 -12;
P_000001e531b2b000 .param/l "PERIOD" 0 2 8, +C4<00000000000000000000000000001010>;
v000001e531b2bf60_0 .var "in", 7 0;
v000001e531bb2fc0_0 .net "pos", 2 0, v000001e531b2bec0_0;  1 drivers
S_000001e531bb2e30 .scope module, "u_top_module" "top_module" 2 19, 3 2 0, S_000001e531bb2ca0;
 .timescale -9 -12;
    .port_info 0 /INPUT 8 "in";
    .port_info 1 /OUTPUT 3 "pos";
v000001e531bb33f0_0 .net "in", 7 0, v000001e531b2bf60_0;  1 drivers
v000001e531b2bec0_0 .var "pos", 2 0;
E_000001e531b2af00 .event anyedge, v000001e531bb33f0_0;
    .scope S_000001e531bb2e30;
T_0 ;
    %wait E_000001e531b2af00;
    %load/vec4 v000001e531bb33f0_0;
    %dup/vec4;
    %pushi/vec4 1, 254, 8;
    %cmp/z;
    %jmp/1 T_0.0, 4;
    %dup/vec4;
    %pushi/vec4 2, 252, 8;
    %cmp/z;
    %jmp/1 T_0.1, 4;
    %dup/vec4;
    %pushi/vec4 4, 248, 8;
    %cmp/z;
    %jmp/1 T_0.2, 4;
    %dup/vec4;
    %pushi/vec4 8, 240, 8;
    %cmp/z;
    %jmp/1 T_0.3, 4;
    %dup/vec4;
    %pushi/vec4 16, 224, 8;
    %cmp/z;
    %jmp/1 T_0.4, 4;
    %dup/vec4;
    %pushi/vec4 32, 192, 8;
    %cmp/z;
    %jmp/1 T_0.5, 4;
    %dup/vec4;
    %pushi/vec4 64, 128, 8;
    %cmp/z;
    %jmp/1 T_0.6, 4;
    %dup/vec4;
    %pushi/vec4 128, 0, 8;
    %cmp/z;
    %jmp/1 T_0.7, 4;
    %pushi/vec4 0, 0, 3;
    %store/vec4 v000001e531b2bec0_0, 0, 3;
    %jmp T_0.9;
T_0.0 ;
    %pushi/vec4 0, 0, 3;
    %store/vec4 v000001e531b2bec0_0, 0, 3;
    %jmp T_0.9;
T_0.1 ;
    %pushi/vec4 1, 0, 3;
    %store/vec4 v000001e531b2bec0_0, 0, 3;
    %jmp T_0.9;
T_0.2 ;
    %pushi/vec4 2, 0, 3;
    %store/vec4 v000001e531b2bec0_0, 0, 3;
    %jmp T_0.9;
T_0.3 ;
    %pushi/vec4 3, 0, 3;
    %store/vec4 v000001e531b2bec0_0, 0, 3;
    %jmp T_0.9;
T_0.4 ;
    %pushi/vec4 4, 0, 3;
    %store/vec4 v000001e531b2bec0_0, 0, 3;
    %jmp T_0.9;
T_0.5 ;
    %pushi/vec4 5, 0, 3;
    %store/vec4 v000001e531b2bec0_0, 0, 3;
    %jmp T_0.9;
T_0.6 ;
    %pushi/vec4 6, 0, 3;
    %store/vec4 v000001e531b2bec0_0, 0, 3;
    %jmp T_0.9;
T_0.7 ;
    %pushi/vec4 7, 0, 3;
    %store/vec4 v000001e531b2bec0_0, 0, 3;
    %jmp T_0.9;
T_0.9 ;
    %pop/vec4 1;
    %jmp T_0;
    .thread T_0, $push;
    .scope S_000001e531bb2ca0;
T_1 ;
    %pushi/vec4 0, 0, 8;
    %store/vec4 v000001e531b2bf60_0, 0, 8;
    %end;
    .thread T_1;
    .scope S_000001e531bb2ca0;
T_2 ;
    %vpi_call 2 27 "$dumpfile", "./always_casez.vcd" {0 0 0};
    %vpi_call 2 28 "$dumpvars" {0 0 0};
    %pushi/vec4 0, 0, 8;
    %store/vec4 v000001e531b2bf60_0, 0, 8;
    %delay 10000, 0;
    %pushi/vec4 1, 0, 8;
    %store/vec4 v000001e531b2bf60_0, 0, 8;
    %delay 10000, 0;
    %pushi/vec4 2, 0, 8;
    %store/vec4 v000001e531b2bf60_0, 0, 8;
    %delay 10000, 0;
    %pushi/vec4 3, 0, 8;
    %store/vec4 v000001e531b2bf60_0, 0, 8;
    %delay 10000, 0;
    %pushi/vec4 4, 0, 8;
    %store/vec4 v000001e531b2bf60_0, 0, 8;
    %delay 10000, 0;
    %pushi/vec4 5, 0, 8;
    %store/vec4 v000001e531b2bf60_0, 0, 8;
    %delay 10000, 0;
    %pushi/vec4 6, 0, 8;
    %store/vec4 v000001e531b2bf60_0, 0, 8;
    %delay 10000, 0;
    %pushi/vec4 7, 0, 8;
    %store/vec4 v000001e531b2bf60_0, 0, 8;
    %delay 10000, 0;
    %pushi/vec4 8, 0, 8;
    %store/vec4 v000001e531b2bf60_0, 0, 8;
    %delay 10000, 0;
    %pushi/vec4 9, 0, 8;
    %store/vec4 v000001e531b2bf60_0, 0, 8;
    %delay 10000, 0;
    %pushi/vec4 16, 0, 8;
    %store/vec4 v000001e531b2bf60_0, 0, 8;
    %delay 10000, 0;
    %pushi/vec4 17, 0, 8;
    %store/vec4 v000001e531b2bf60_0, 0, 8;
    %delay 10000, 0;
    %pushi/vec4 18, 0, 8;
    %store/vec4 v000001e531b2bf60_0, 0, 8;
    %delay 10000, 0;
    %pushi/vec4 19, 0, 8;
    %store/vec4 v000001e531b2bf60_0, 0, 8;
    %delay 10000, 0;
    %pushi/vec4 20, 0, 8;
    %store/vec4 v000001e531b2bf60_0, 0, 8;
    %delay 10000, 0;
    %pushi/vec4 21, 0, 8;
    %store/vec4 v000001e531b2bf60_0, 0, 8;
    %delay 10000, 0;
    %pushi/vec4 22, 0, 8;
    %store/vec4 v000001e531b2bf60_0, 0, 8;
    %delay 10000, 0;
    %pushi/vec4 23, 0, 8;
    %store/vec4 v000001e531b2bf60_0, 0, 8;
    %delay 10000, 0;
    %pushi/vec4 24, 0, 8;
    %store/vec4 v000001e531b2bf60_0, 0, 8;
    %delay 10000, 0;
    %pushi/vec4 25, 0, 8;
    %store/vec4 v000001e531b2bf60_0, 0, 8;
    %delay 10000, 0;
    %pushi/vec4 32, 0, 8;
    %store/vec4 v000001e531b2bf60_0, 0, 8;
    %delay 10000, 0;
    %pushi/vec4 33, 0, 8;
    %store/vec4 v000001e531b2bf60_0, 0, 8;
    %delay 10000, 0;
    %pushi/vec4 34, 0, 8;
    %store/vec4 v000001e531b2bf60_0, 0, 8;
    %delay 10000, 0;
    %pushi/vec4 35, 0, 8;
    %store/vec4 v000001e531b2bf60_0, 0, 8;
    %delay 10000, 0;
    %pushi/vec4 36, 0, 8;
    %store/vec4 v000001e531b2bf60_0, 0, 8;
    %delay 10000, 0;
    %pushi/vec4 37, 0, 8;
    %store/vec4 v000001e531b2bf60_0, 0, 8;
    %delay 10000, 0;
    %vpi_call 2 56 "$finish" {0 0 0};
    %end;
    .thread T_2;
# The file index is used to find the file name in the following table.
:file_names 4;
    "N/A";
    "<interactive>";
    "always_casez_tb.v";
    "././always_casez.v";
