#! /c/Source/iverilog-install/bin/vvp
:ivl_version "12.0 (devel)" "(s20150603-1539-g2693dd32b)";
:ivl_delay_selection "TYPICAL";
:vpi_time_precision - 12;
:vpi_module "G:\applications\terminal\iverilog\iverilog\lib\ivl\system.vpi";
:vpi_module "G:\applications\terminal\iverilog\iverilog\lib\ivl\vhdl_sys.vpi";
:vpi_module "G:\applications\terminal\iverilog\iverilog\lib\ivl\vhdl_textio.vpi";
:vpi_module "G:\applications\terminal\iverilog\iverilog\lib\ivl\v2005_math.vpi";
:vpi_module "G:\applications\terminal\iverilog\iverilog\lib\ivl\va_math.vpi";
S_00000229dcb52bc0 .scope module, "tb_top_module" "tb_top_module" 2 6;
 .timescale -9 -12;
P_00000229dcb49390 .param/l "PERIOD" 0 2 9, +C4<00000000000000000000000000001010>;
v00000229dcbb6430_0 .var "a", 31 0;
v00000229dcbb64d0_0 .var "b", 31 0;
v00000229dcbb75b0_0 .var "sub", 0 0;
v00000229dcbb6570_0 .net "sum", 31 0, L_00000229dcc020e0;  1 drivers
S_00000229dcb22ca0 .scope module, "u_top_module" "top_module" 2 21, 3 1 0, S_00000229dcb52bc0;
 .timescale -9 -12;
    .port_info 0 /INPUT 32 "a";
    .port_info 1 /INPUT 32 "b";
    .port_info 2 /INPUT 1 "sub";
    .port_info 3 /OUTPUT 32 "sum";
L_00000229dcb4c320 .functor XOR 17, L_00000229dcbb66b0, L_00000229dcbb6890, C4<00000000000000000>, C4<00000000000000000>;
L_00000229dcb4c0f0 .functor XOR 16, L_00000229dcc009c0, L_00000229dcc01780, C4<0000000000000000>, C4<0000000000000000>;
v00000229dcbb5cb0_0 .net *"_ivl_11", 16 0, L_00000229dcbb6890;  1 drivers
L_00000229dcbb7900 .functor BUFT 1, C4<0>, C4<0>, C4<0>, C4<0>;
v00000229dcbb70b0_0 .net *"_ivl_14", 0 0, L_00000229dcbb7900;  1 drivers
v00000229dcbb7510_0 .net *"_ivl_15", 16 0, L_00000229dcb4c320;  1 drivers
v00000229dcbb5a30_0 .net *"_ivl_17", 16 0, L_00000229dcbb6930;  1 drivers
L_00000229dcbb7948 .functor BUFT 1, C4<0000000000000000>, C4<0>, C4<0>, C4<0>;
v00000229dcbb5ad0_0 .net *"_ivl_20", 15 0, L_00000229dcbb7948;  1 drivers
v00000229dcbb6750_0 .net *"_ivl_21", 16 0, L_00000229dcbb69d0;  1 drivers
v00000229dcbb6070_0 .net *"_ivl_32", 15 0, L_00000229dcc009c0;  1 drivers
v00000229dcbb6bb0_0 .net *"_ivl_33", 15 0, L_00000229dcc01780;  1 drivers
v00000229dcbb6e30_0 .net *"_ivl_35", 15 0, L_00000229dcb4c0f0;  1 drivers
v00000229dcbb71f0_0 .net *"_ivl_37", 15 0, L_00000229dcc01f00;  1 drivers
v00000229dcbb61b0_0 .net *"_ivl_4", 15 0, L_00000229dcbb67f0;  1 drivers
L_00000229dcbb7b40 .functor BUFT 1, C4<000000000000000>, C4<0>, C4<0>, C4<0>;
v00000229dcbb7010_0 .net *"_ivl_40", 14 0, L_00000229dcbb7b40;  1 drivers
v00000229dcbb5e90_0 .net *"_ivl_5", 16 0, L_00000229dcbb66b0;  1 drivers
L_00000229dcbb78b8 .functor BUFT 1, C4<0>, C4<0>, C4<0>, C4<0>;
v00000229dcbb7330_0 .net *"_ivl_8", 0 0, L_00000229dcbb78b8;  1 drivers
v00000229dcbb7290_0 .net *"_ivl_9", 15 0, L_00000229dcbb76f0;  1 drivers
v00000229dcbb5b70_0 .net "a", 31 0, v00000229dcbb6430_0;  1 drivers
v00000229dcbb7150_0 .net "b", 31 0, v00000229dcbb64d0_0;  1 drivers
v00000229dcbb5f30_0 .net "high_cout", 0 0, L_00000229dcc01140;  1 drivers
v00000229dcbb6250_0 .net "low_cout", 0 0, L_00000229dcbb7790;  1 drivers
v00000229dcbb5c10_0 .net "low_part", 15 0, L_00000229dcbb7650;  1 drivers
v00000229dcbb73d0_0 .net "low_xor_cout", 0 0, L_00000229dcbb6610;  1 drivers
v00000229dcbb62f0_0 .net "sub", 0 0, v00000229dcbb75b0_0;  1 drivers
v00000229dcbb6390_0 .net "sum", 31 0, L_00000229dcc020e0;  alias, 1 drivers
L_00000229dcbb6610 .part L_00000229dcbb69d0, 16, 1;
L_00000229dcbb7650 .part L_00000229dcbb69d0, 0, 16;
L_00000229dcbb67f0 .part v00000229dcbb64d0_0, 0, 16;
L_00000229dcbb66b0 .concat [ 16 1 0 0], L_00000229dcbb67f0, L_00000229dcbb78b8;
LS_00000229dcbb76f0_0_0 .concat [ 1 1 1 1], v00000229dcbb75b0_0, v00000229dcbb75b0_0, v00000229dcbb75b0_0, v00000229dcbb75b0_0;
LS_00000229dcbb76f0_0_4 .concat [ 1 1 1 1], v00000229dcbb75b0_0, v00000229dcbb75b0_0, v00000229dcbb75b0_0, v00000229dcbb75b0_0;
LS_00000229dcbb76f0_0_8 .concat [ 1 1 1 1], v00000229dcbb75b0_0, v00000229dcbb75b0_0, v00000229dcbb75b0_0, v00000229dcbb75b0_0;
LS_00000229dcbb76f0_0_12 .concat [ 1 1 1 1], v00000229dcbb75b0_0, v00000229dcbb75b0_0, v00000229dcbb75b0_0, v00000229dcbb75b0_0;
L_00000229dcbb76f0 .concat [ 4 4 4 4], LS_00000229dcbb76f0_0_0, LS_00000229dcbb76f0_0_4, LS_00000229dcbb76f0_0_8, LS_00000229dcbb76f0_0_12;
L_00000229dcbb6890 .concat [ 16 1 0 0], L_00000229dcbb76f0, L_00000229dcbb7900;
L_00000229dcbb6930 .concat [ 1 16 0 0], v00000229dcbb75b0_0, L_00000229dcbb7948;
L_00000229dcbb69d0 .arith/sum 17, L_00000229dcb4c320, L_00000229dcbb6930;
L_00000229dcbb6c50 .part v00000229dcbb6430_0, 0, 16;
L_00000229dcc01500 .part v00000229dcbb6430_0, 16, 16;
L_00000229dcc009c0 .part v00000229dcbb64d0_0, 16, 16;
LS_00000229dcc01780_0_0 .concat [ 1 1 1 1], v00000229dcbb75b0_0, v00000229dcbb75b0_0, v00000229dcbb75b0_0, v00000229dcbb75b0_0;
LS_00000229dcc01780_0_4 .concat [ 1 1 1 1], v00000229dcbb75b0_0, v00000229dcbb75b0_0, v00000229dcbb75b0_0, v00000229dcbb75b0_0;
LS_00000229dcc01780_0_8 .concat [ 1 1 1 1], v00000229dcbb75b0_0, v00000229dcbb75b0_0, v00000229dcbb75b0_0, v00000229dcbb75b0_0;
LS_00000229dcc01780_0_12 .concat [ 1 1 1 1], v00000229dcbb75b0_0, v00000229dcbb75b0_0, v00000229dcbb75b0_0, v00000229dcbb75b0_0;
L_00000229dcc01780 .concat [ 4 4 4 4], LS_00000229dcc01780_0_0, LS_00000229dcc01780_0_4, LS_00000229dcc01780_0_8, LS_00000229dcc01780_0_12;
L_00000229dcc01f00 .concat [ 1 15 0 0], L_00000229dcbb6610, L_00000229dcbb7b40;
L_00000229dcc02400 .arith/sum 16, L_00000229dcb4c0f0, L_00000229dcc01f00;
L_00000229dcc020e0 .concat8 [ 16 16 0 0], L_00000229dcbb6ed0, L_00000229dcc02720;
S_00000229dcb22e30 .scope module, "add_inst1" "add16" 3 12, 3 18 0, S_00000229dcb22ca0;
 .timescale -9 -12;
    .port_info 0 /INPUT 16 "a";
    .port_info 1 /INPUT 16 "b";
    .port_info 2 /INPUT 1 "cin";
    .port_info 3 /OUTPUT 16 "sum";
    .port_info 4 /OUTPUT 1 "cout";
L_00000229dcbb79d8 .functor BUFT 1, C4<0>, C4<0>, C4<0>, C4<0>;
v00000229dcb4f490_0 .net *"_ivl_10", 0 0, L_00000229dcbb79d8;  1 drivers
v00000229dcb4f170_0 .net *"_ivl_11", 16 0, L_00000229dcbb58f0;  1 drivers
L_00000229dcbb7b88 .functor BUFT 1, C4<00000000000000000>, C4<0>, C4<0>, C4<0>;
v00000229dcb4ebd0_0 .net *"_ivl_13", 16 0, L_00000229dcbb7b88;  1 drivers
v00000229dcb4e8b0_0 .net *"_ivl_17", 16 0, L_00000229dcbb5990;  1 drivers
v00000229dcb4f3f0_0 .net *"_ivl_3", 16 0, L_00000229dcbb6f70;  1 drivers
L_00000229dcbb7990 .functor BUFT 1, C4<0>, C4<0>, C4<0>, C4<0>;
v00000229dcb4e950_0 .net *"_ivl_6", 0 0, L_00000229dcbb7990;  1 drivers
v00000229dcb4e9f0_0 .net *"_ivl_7", 16 0, L_00000229dcbb6a70;  1 drivers
v00000229dcb4e590_0 .net "a", 15 0, L_00000229dcbb6c50;  1 drivers
v00000229dcb4ed10_0 .net "b", 15 0, L_00000229dcbb7650;  alias, 1 drivers
L_00000229dcbb7a20 .functor BUFT 1, C4<0>, C4<0>, C4<0>, C4<0>;
v00000229dcb4e630_0 .net "cin", 0 0, L_00000229dcbb7a20;  1 drivers
v00000229dcb4ec70_0 .net "cout", 0 0, L_00000229dcbb7790;  alias, 1 drivers
v00000229dcb4edb0_0 .net "sum", 15 0, L_00000229dcbb6ed0;  1 drivers
L_00000229dcbb7790 .part L_00000229dcbb5990, 16, 1;
L_00000229dcbb6ed0 .part L_00000229dcbb5990, 0, 16;
L_00000229dcbb6f70 .concat [ 16 1 0 0], L_00000229dcbb6c50, L_00000229dcbb7990;
L_00000229dcbb6a70 .concat [ 16 1 0 0], L_00000229dcbb7650, L_00000229dcbb79d8;
L_00000229dcbb58f0 .arith/sum 17, L_00000229dcbb6f70, L_00000229dcbb6a70;
L_00000229dcbb5990 .arith/sum 17, L_00000229dcbb58f0, L_00000229dcbb7b88;
S_00000229dc97e720 .scope module, "add_inst2" "add16" 3 13, 3 18 0, S_00000229dcb22ca0;
 .timescale -9 -12;
    .port_info 0 /INPUT 16 "a";
    .port_info 1 /INPUT 16 "b";
    .port_info 2 /INPUT 1 "cin";
    .port_info 3 /OUTPUT 16 "sum";
    .port_info 4 /OUTPUT 1 "cout";
L_00000229dcbb7ab0 .functor BUFT 1, C4<0>, C4<0>, C4<0>, C4<0>;
v00000229dcb4f030_0 .net *"_ivl_10", 0 0, L_00000229dcbb7ab0;  1 drivers
v00000229dcb4ee50_0 .net *"_ivl_11", 16 0, L_00000229dcc00e20;  1 drivers
v00000229dcb4ef90_0 .net *"_ivl_13", 16 0, L_00000229dcc02180;  1 drivers
L_00000229dcbb7af8 .functor BUFT 1, C4<0000000000000000>, C4<0>, C4<0>, C4<0>;
v00000229dcb4eef0_0 .net *"_ivl_16", 15 0, L_00000229dcbb7af8;  1 drivers
v00000229dcb4f0d0_0 .net *"_ivl_17", 16 0, L_00000229dcc02040;  1 drivers
v00000229dcbb6110_0 .net *"_ivl_3", 16 0, L_00000229dcc01000;  1 drivers
L_00000229dcbb7a68 .functor BUFT 1, C4<0>, C4<0>, C4<0>, C4<0>;
v00000229dcbb6cf0_0 .net *"_ivl_6", 0 0, L_00000229dcbb7a68;  1 drivers
v00000229dcbb5fd0_0 .net *"_ivl_7", 16 0, L_00000229dcc024a0;  1 drivers
v00000229dcbb6d90_0 .net "a", 15 0, L_00000229dcc01500;  1 drivers
v00000229dcbb7470_0 .net "b", 15 0, L_00000229dcc02400;  1 drivers
v00000229dcbb5d50_0 .net "cin", 0 0, L_00000229dcbb7790;  alias, 1 drivers
v00000229dcbb6b10_0 .net "cout", 0 0, L_00000229dcc01140;  alias, 1 drivers
v00000229dcbb5df0_0 .net "sum", 15 0, L_00000229dcc02720;  1 drivers
L_00000229dcc01140 .part L_00000229dcc02040, 16, 1;
L_00000229dcc02720 .part L_00000229dcc02040, 0, 16;
L_00000229dcc01000 .concat [ 16 1 0 0], L_00000229dcc01500, L_00000229dcbb7a68;
L_00000229dcc024a0 .concat [ 16 1 0 0], L_00000229dcc02400, L_00000229dcbb7ab0;
L_00000229dcc00e20 .arith/sum 17, L_00000229dcc01000, L_00000229dcc024a0;
L_00000229dcc02180 .concat [ 1 16 0 0], L_00000229dcbb7790, L_00000229dcbb7af8;
L_00000229dcc02040 .arith/sum 17, L_00000229dcc00e20, L_00000229dcc02180;
    .scope S_00000229dcb52bc0;
T_0 ;
    %pushi/vec4 0, 0, 32;
    %store/vec4 v00000229dcbb6430_0, 0, 32;
    %pushi/vec4 0, 0, 32;
    %store/vec4 v00000229dcbb64d0_0, 0, 32;
    %pushi/vec4 0, 0, 1;
    %store/vec4 v00000229dcbb75b0_0, 0, 1;
    %end;
    .thread T_0;
    .scope S_00000229dcb52bc0;
T_1 ;
    %vpi_call 2 31 "$dumpfile", "./module_faddsub.vcd" {0 0 0};
    %vpi_call 2 32 "$dumpvars" {0 0 0};
    %pushi/vec4 0, 0, 1;
    %store/vec4 v00000229dcbb75b0_0, 0, 1;
    %pushi/vec4 0, 0, 32;
    %store/vec4 v00000229dcbb6430_0, 0, 32;
    %pushi/vec4 0, 0, 32;
    %store/vec4 v00000229dcbb64d0_0, 0, 32;
    %delay 10000, 0;
    %pushi/vec4 1, 0, 32;
    %store/vec4 v00000229dcbb64d0_0, 0, 32;
    %delay 10000, 0;
    %pushi/vec4 2, 0, 32;
    %store/vec4 v00000229dcbb64d0_0, 0, 32;
    %delay 10000, 0;
    %pushi/vec4 1, 0, 32;
    %store/vec4 v00000229dcbb6430_0, 0, 32;
    %delay 10000, 0;
    %pushi/vec4 65535, 0, 32;
    %store/vec4 v00000229dcbb6430_0, 0, 32;
    %pushi/vec4 0, 0, 32;
    %store/vec4 v00000229dcbb64d0_0, 0, 32;
    %pushi/vec4 1, 0, 1;
    %store/vec4 v00000229dcbb75b0_0, 0, 1;
    %delay 10000, 0;
    %pushi/vec4 1, 0, 32;
    %store/vec4 v00000229dcbb64d0_0, 0, 32;
    %delay 10000, 0;
    %pushi/vec4 183489, 0, 32;
    %store/vec4 v00000229dcbb64d0_0, 0, 32;
    %delay 10000, 0;
    %pushi/vec4 0, 0, 32;
    %store/vec4 v00000229dcbb64d0_0, 0, 32;
    %pushi/vec4 0, 0, 32;
    %store/vec4 v00000229dcbb6430_0, 0, 32;
    %vpi_call 2 43 "$finish" {0 0 0};
    %vpi_call 2 45 "$finish" {0 0 0};
    %end;
    .thread T_1;
# The file index is used to find the file name in the following table.
:file_names 4;
    "N/A";
    "<interactive>";
    "module_addsub_tb.v";
    "././module_addsub.v";
