#! /c/Source/iverilog-install/bin/vvp
:ivl_version "12.0 (devel)" "(s20150603-1539-g2693dd32b)";
:ivl_delay_selection "TYPICAL";
:vpi_time_precision - 12;
:vpi_module "G:\applications\terminal\iverilog\iverilog\lib\ivl\system.vpi";
:vpi_module "G:\applications\terminal\iverilog\iverilog\lib\ivl\vhdl_sys.vpi";
:vpi_module "G:\applications\terminal\iverilog\iverilog\lib\ivl\vhdl_textio.vpi";
:vpi_module "G:\applications\terminal\iverilog\iverilog\lib\ivl\v2005_math.vpi";
:vpi_module "G:\applications\terminal\iverilog\iverilog\lib\ivl\va_math.vpi";
S_000001de609d7d20 .scope module, "tb_top_module" "tb_top_module" 2 5;
 .timescale -9 -12;
P_000001de609cc8a0 .param/l "PERIOD" 0 2 8, +C4<00000000000000000000000000001010>;
v000001de60a32b30_0 .var "a", 31 0;
v000001de60a33030_0 .var "b", 31 0;
v000001de60a34570_0 .net "sum", 31 0, L_000001de60a332b0;  1 drivers
S_000001de609d7eb0 .scope module, "u_top_module" "top_module" 2 19, 3 3 0, S_000001de609d7d20;
 .timescale -9 -12;
    .port_info 0 /INPUT 32 "a";
    .port_info 1 /INPUT 32 "b";
    .port_info 2 /OUTPUT 32 "sum";
v000001de609d3cd0_0 .net "a", 31 0, v000001de60a32b30_0;  1 drivers
v000001de609d3d70_0 .net "a_high", 15 0, L_000001de60a32950;  1 drivers
v000001de60a32ef0_0 .net "a_low", 15 0, L_000001de60a33c10;  1 drivers
v000001de60a33170_0 .net "b", 31 0, v000001de60a33030_0;  1 drivers
v000001de60a33a30_0 .net "b_high", 15 0, L_000001de60a337b0;  1 drivers
v000001de60a330d0_0 .net "b_low", 15 0, L_000001de60a33cb0;  1 drivers
v000001de60a32bd0_0 .net "cout", 0 0, L_000001de60a32db0;  1 drivers
v000001de60a33b70_0 .net "high_sum", 15 0, L_000001de60a32e50;  1 drivers
v000001de60a335d0_0 .net "low_cout", 0 0, L_000001de60a33990;  1 drivers
v000001de60a34610_0 .net "low_sum", 15 0, L_000001de60a32d10;  1 drivers
v000001de60a33ad0_0 .net "sum", 31 0, L_000001de60a332b0;  alias, 1 drivers
L_000001de60a33c10 .part v000001de60a32b30_0, 0, 16;
L_000001de60a33cb0 .part v000001de60a33030_0, 0, 16;
L_000001de60a32950 .part v000001de60a32b30_0, 16, 16;
L_000001de60a337b0 .part v000001de60a33030_0, 16, 16;
L_000001de60a332b0 .concat [ 16 16 0 0], L_000001de60a32d10, L_000001de60a32e50;
S_000001de6098e9f0 .scope module, "add1" "add16" 3 17, 3 22 0, S_000001de609d7eb0;
 .timescale -9 -12;
    .port_info 0 /INPUT 16 "a";
    .port_info 1 /INPUT 16 "b";
    .port_info 2 /INPUT 1 "cin";
    .port_info 3 /OUTPUT 16 "sum";
    .port_info 4 /OUTPUT 1 "cout";
L_000001de60a348c0 .functor BUFT 1, C4<0>, C4<0>, C4<0>, C4<0>;
v000001de6098cd00_0 .net *"_ivl_10", 0 0, L_000001de60a348c0;  1 drivers
v000001de609a3140_0 .net *"_ivl_11", 16 0, L_000001de60a34430;  1 drivers
L_000001de60a34a28 .functor BUFT 1, C4<00000000000000000>, C4<0>, C4<0>, C4<0>;
v000001de609d3190_0 .net *"_ivl_13", 16 0, L_000001de60a34a28;  1 drivers
v000001de609d3910_0 .net *"_ivl_17", 16 0, L_000001de60a34250;  1 drivers
v000001de609d3230_0 .net *"_ivl_3", 16 0, L_000001de60a346b0;  1 drivers
L_000001de60a34878 .functor BUFT 1, C4<0>, C4<0>, C4<0>, C4<0>;
v000001de609d3af0_0 .net *"_ivl_6", 0 0, L_000001de60a34878;  1 drivers
v000001de609d3730_0 .net *"_ivl_7", 16 0, L_000001de60a328b0;  1 drivers
v000001de609d34b0_0 .net "a", 15 0, L_000001de60a33c10;  alias, 1 drivers
v000001de609d3e10_0 .net "b", 15 0, L_000001de60a33cb0;  alias, 1 drivers
L_000001de60a34908 .functor BUFT 1, C4<0>, C4<0>, C4<0>, C4<0>;
v000001de609d3550_0 .net "cin", 0 0, L_000001de60a34908;  1 drivers
v000001de609d3b90_0 .net "cout", 0 0, L_000001de60a33990;  alias, 1 drivers
v000001de609d3870_0 .net "sum", 15 0, L_000001de60a32d10;  alias, 1 drivers
L_000001de60a33990 .part L_000001de60a34250, 16, 1;
L_000001de60a32d10 .part L_000001de60a34250, 0, 16;
L_000001de60a346b0 .concat [ 16 1 0 0], L_000001de60a33c10, L_000001de60a34878;
L_000001de60a328b0 .concat [ 16 1 0 0], L_000001de60a33cb0, L_000001de60a348c0;
L_000001de60a34430 .arith/sum 17, L_000001de60a346b0, L_000001de60a328b0;
L_000001de60a34250 .arith/sum 17, L_000001de60a34430, L_000001de60a34a28;
S_000001de6098eb80 .scope module, "add2" "add16" 3 18, 3 22 0, S_000001de609d7eb0;
 .timescale -9 -12;
    .port_info 0 /INPUT 16 "a";
    .port_info 1 /INPUT 16 "b";
    .port_info 2 /INPUT 1 "cin";
    .port_info 3 /OUTPUT 16 "sum";
    .port_info 4 /OUTPUT 1 "cout";
L_000001de60a34998 .functor BUFT 1, C4<0>, C4<0>, C4<0>, C4<0>;
v000001de609d3eb0_0 .net *"_ivl_10", 0 0, L_000001de60a34998;  1 drivers
v000001de609d4090_0 .net *"_ivl_11", 16 0, L_000001de60a34110;  1 drivers
v000001de609d3f50_0 .net *"_ivl_13", 16 0, L_000001de60a33850;  1 drivers
L_000001de60a349e0 .functor BUFT 1, C4<0000000000000000>, C4<0>, C4<0>, C4<0>;
v000001de609d35f0_0 .net *"_ivl_16", 15 0, L_000001de60a349e0;  1 drivers
v000001de609d3a50_0 .net *"_ivl_17", 16 0, L_000001de60a341b0;  1 drivers
v000001de609d39b0_0 .net *"_ivl_3", 16 0, L_000001de60a32f90;  1 drivers
L_000001de60a34950 .functor BUFT 1, C4<0>, C4<0>, C4<0>, C4<0>;
v000001de609d32d0_0 .net *"_ivl_6", 0 0, L_000001de60a34950;  1 drivers
v000001de609d3370_0 .net *"_ivl_7", 16 0, L_000001de60a33d50;  1 drivers
v000001de609d3410_0 .net "a", 15 0, L_000001de60a32950;  alias, 1 drivers
v000001de609d3ff0_0 .net "b", 15 0, L_000001de60a337b0;  alias, 1 drivers
v000001de609d3690_0 .net "cin", 0 0, L_000001de60a33990;  alias, 1 drivers
v000001de609d37d0_0 .net "cout", 0 0, L_000001de60a32db0;  alias, 1 drivers
v000001de609d3c30_0 .net "sum", 15 0, L_000001de60a32e50;  alias, 1 drivers
L_000001de60a32db0 .part L_000001de60a341b0, 16, 1;
L_000001de60a32e50 .part L_000001de60a341b0, 0, 16;
L_000001de60a32f90 .concat [ 16 1 0 0], L_000001de60a32950, L_000001de60a34950;
L_000001de60a33d50 .concat [ 16 1 0 0], L_000001de60a337b0, L_000001de60a34998;
L_000001de60a34110 .arith/sum 17, L_000001de60a32f90, L_000001de60a33d50;
L_000001de60a33850 .concat [ 1 16 0 0], L_000001de60a33990, L_000001de60a349e0;
L_000001de60a341b0 .arith/sum 17, L_000001de60a34110, L_000001de60a33850;
    .scope S_000001de609d7d20;
T_0 ;
    %pushi/vec4 0, 0, 32;
    %store/vec4 v000001de60a32b30_0, 0, 32;
    %pushi/vec4 0, 0, 32;
    %store/vec4 v000001de60a33030_0, 0, 32;
    %end;
    .thread T_0;
    .scope S_000001de609d7d20;
T_1 ;
    %vpi_call 2 29 "$dumpfile", "./module_add.v.vcd" {0 0 0};
    %vpi_call 2 30 "$dumpvars" {0 0 0};
    %pushi/vec4 0, 0, 32;
    %store/vec4 v000001de60a32b30_0, 0, 32;
    %pushi/vec4 0, 0, 32;
    %store/vec4 v000001de60a33030_0, 0, 32;
    %delay 10000, 0;
    %pushi/vec4 1, 0, 32;
    %store/vec4 v000001de60a33030_0, 0, 32;
    %delay 10000, 0;
    %pushi/vec4 2, 0, 32;
    %store/vec4 v000001de60a33030_0, 0, 32;
    %delay 10000, 0;
    %pushi/vec4 1, 0, 32;
    %store/vec4 v000001de60a32b30_0, 0, 32;
    %delay 10000, 0;
    %pushi/vec4 65535, 0, 32;
    %store/vec4 v000001de60a32b30_0, 0, 32;
    %pushi/vec4 0, 0, 32;
    %store/vec4 v000001de60a33030_0, 0, 32;
    %delay 10000, 0;
    %pushi/vec4 1, 0, 32;
    %store/vec4 v000001de60a33030_0, 0, 32;
    %delay 10000, 0;
    %pushi/vec4 183489, 0, 32;
    %store/vec4 v000001de60a33030_0, 0, 32;
    %delay 10000, 0;
    %pushi/vec4 0, 0, 32;
    %store/vec4 v000001de60a33030_0, 0, 32;
    %pushi/vec4 0, 0, 32;
    %store/vec4 v000001de60a32b30_0, 0, 32;
    %vpi_call 2 40 "$finish" {0 0 0};
    %end;
    .thread T_1;
# The file index is used to find the file name in the following table.
:file_names 4;
    "N/A";
    "<interactive>";
    "module_add_tb.v";
    "././module_add.v";
