#! /c/Source/iverilog-install/bin/vvp
:ivl_version "12.0 (devel)" "(s20150603-1539-g2693dd32b)";
:ivl_delay_selection "TYPICAL";
:vpi_time_precision - 12;
:vpi_module "G:\applications\terminal\iverilog\iverilog\lib\ivl\system.vpi";
:vpi_module "G:\applications\terminal\iverilog\iverilog\lib\ivl\vhdl_sys.vpi";
:vpi_module "G:\applications\terminal\iverilog\iverilog\lib\ivl\vhdl_textio.vpi";
:vpi_module "G:\applications\terminal\iverilog\iverilog\lib\ivl\v2005_math.vpi";
:vpi_module "G:\applications\terminal\iverilog\iverilog\lib\ivl\va_math.vpi";
S_000001407e489380 .scope module, "add1" "add1" 2 20;
 .timescale -9 -12;
    .port_info 0 /INPUT 1 "a";
    .port_info 1 /INPUT 1 "b";
    .port_info 2 /INPUT 1 "cin";
    .port_info 3 /OUTPUT 1 "sum";
    .port_info 4 /OUTPUT 1 "cout";
o000001407e490098 .functor BUFZ 1, C4<z>; HiZ drive
o000001407e4900c8 .functor BUFZ 1, C4<z>; HiZ drive
L_000001407e48f4e0 .functor XOR 1, o000001407e490098, o000001407e4900c8, C4<0>, C4<0>;
o000001407e4900f8 .functor BUFZ 1, C4<z>; HiZ drive
L_000001407e48f6a0 .functor XOR 1, L_000001407e48f4e0, o000001407e4900f8, C4<0>, C4<0>;
L_000001407e48f5c0 .functor XOR 1, o000001407e490098, o000001407e4900c8, C4<0>, C4<0>;
L_000001407e48f710 .functor AND 1, L_000001407e48f5c0, o000001407e4900f8, C4<1>, C4<1>;
L_000001407e48f780 .functor AND 1, o000001407e490098, o000001407e4900c8, C4<1>, C4<1>;
L_000001407e48f7f0 .functor OR 1, L_000001407e48f710, L_000001407e48f780, C4<0>, C4<0>;
v000001407e453530_0 .net *"_ivl_0", 0 0, L_000001407e48f4e0;  1 drivers
v000001407e478920_0 .net *"_ivl_4", 0 0, L_000001407e48f5c0;  1 drivers
v000001407e4896a0_0 .net *"_ivl_6", 0 0, L_000001407e48f710;  1 drivers
v000001407e489740_0 .net *"_ivl_8", 0 0, L_000001407e48f780;  1 drivers
v000001407e486fb0_0 .net "a", 0 0, o000001407e490098;  0 drivers
v000001407e487050_0 .net "b", 0 0, o000001407e4900c8;  0 drivers
v000001407e4841e0_0 .net "cin", 0 0, o000001407e4900f8;  0 drivers
v000001407e483a60_0 .net "cout", 0 0, L_000001407e48f7f0;  1 drivers
v000001407e483ec0_0 .net "sum", 0 0, L_000001407e48f6a0;  1 drivers
S_000001407e489510 .scope module, "tb_top_module" "tb_top_module" 3 6;
 .timescale -9 -12;
P_000001407e479cd0 .param/l "PERIOD" 0 3 9, +C4<00000000000000000000000000001010>;
v000001407e4836a0_0 .var "a", 31 0;
v000001407e483880_0 .var "b", 31 0;
o000001407e490668 .functor BUFZ 32, C4<zzzzzzzzzzzzzzzzzzzzzzzzzzzzzzzz>; HiZ drive
v000001407e483b00_0 .net "sum", 31 0, o000001407e490668;  0 drivers
S_000001407e4870f0 .scope module, "u_top_module" "top_module" 3 20, 2 1 0, S_000001407e489510;
 .timescale -9 -12;
    .port_info 0 /INPUT 32 "a";
    .port_info 1 /INPUT 32 "b";
    .port_info 2 /OUTPUT 32 "sum";
v000001407e4843c0_0 .net "a", 31 0, v000001407e4836a0_0;  1 drivers
v000001407e484460_0 .net "b", 31 0, v000001407e483880_0;  1 drivers
o000001407e4904b8 .functor BUFZ 1, C4<z>; HiZ drive
v000001407e484000_0 .net "high_cout", 0 0, o000001407e4904b8;  0 drivers
o000001407e4904e8 .functor BUFZ 16, C4<zzzzzzzzzzzzzzzz>; HiZ drive
v000001407e4840a0_0 .net "high_sum", 15 0, o000001407e4904e8;  0 drivers
o000001407e490308 .functor BUFZ 1, C4<z>; HiZ drive
v000001407e484140_0 .net "low_cout", 0 0, o000001407e490308;  0 drivers
o000001407e490338 .functor BUFZ 16, C4<zzzzzzzzzzzzzzzz>; HiZ drive
v000001407e483560_0 .net "low_sum", 15 0, o000001407e490338;  0 drivers
v000001407e483600_0 .net "sum", 31 0, o000001407e490668;  alias, 0 drivers
L_000001407e483ba0 .part v000001407e4836a0_0, 0, 16;
L_000001407e483c40 .part v000001407e483880_0, 0, 16;
L_000001407e526850 .part v000001407e4836a0_0, 16, 16;
L_000001407e525950 .part v000001407e483880_0, 16, 16;
S_000001407e487280 .scope module, "add_inst1" "add16" 2 8, 2 15 0, S_000001407e4870f0;
 .timescale -9 -12;
    .port_info 0 /INPUT 16 "a";
    .port_info 1 /INPUT 16 "b";
    .port_info 2 /INPUT 1 "cin";
    .port_info 3 /OUTPUT 16 "sum";
    .port_info 4 /OUTPUT 1 "cout";
v000001407e483ce0_0 .net "a", 15 0, L_000001407e483ba0;  1 drivers
v000001407e484280_0 .net "b", 15 0, L_000001407e483c40;  1 drivers
L_000001407e4dd858 .functor BUFT 1, C4<0>, C4<0>, C4<0>, C4<0>;
v000001407e483f60_0 .net "cin", 0 0, L_000001407e4dd858;  1 drivers
v000001407e483740_0 .net "cout", 0 0, o000001407e490308;  alias, 0 drivers
v000001407e483920_0 .net "sum", 15 0, o000001407e490338;  alias, 0 drivers
S_000001407e452d40 .scope module, "add_inst2" "add16" 2 9, 2 15 0, S_000001407e4870f0;
 .timescale -9 -12;
    .port_info 0 /INPUT 16 "a";
    .port_info 1 /INPUT 16 "b";
    .port_info 2 /INPUT 1 "cin";
    .port_info 3 /OUTPUT 16 "sum";
    .port_info 4 /OUTPUT 1 "cout";
v000001407e483d80_0 .net "a", 15 0, L_000001407e526850;  1 drivers
v000001407e4837e0_0 .net "b", 15 0, L_000001407e525950;  1 drivers
v000001407e484320_0 .net "cin", 0 0, o000001407e490308;  alias, 0 drivers
v000001407e483e20_0 .net "cout", 0 0, o000001407e4904b8;  alias, 0 drivers
v000001407e4839c0_0 .net "sum", 15 0, o000001407e4904e8;  alias, 0 drivers
    .scope S_000001407e489510;
T_0 ;
    %pushi/vec4 0, 0, 32;
    %store/vec4 v000001407e4836a0_0, 0, 32;
    %pushi/vec4 0, 0, 32;
    %store/vec4 v000001407e483880_0, 0, 32;
    %end;
    .thread T_0;
    .scope S_000001407e489510;
T_1 ;
    %vpi_call 3 30 "$dumpfile", "./module_fadd.vcd" {0 0 0};
    %vpi_call 3 31 "$dumpvars" {0 0 0};
    %pushi/vec4 0, 0, 32;
    %store/vec4 v000001407e4836a0_0, 0, 32;
    %pushi/vec4 0, 0, 32;
    %store/vec4 v000001407e483880_0, 0, 32;
    %delay 10000, 0;
    %pushi/vec4 1, 0, 32;
    %store/vec4 v000001407e483880_0, 0, 32;
    %delay 10000, 0;
    %pushi/vec4 2, 0, 32;
    %store/vec4 v000001407e483880_0, 0, 32;
    %delay 10000, 0;
    %pushi/vec4 1, 0, 32;
    %store/vec4 v000001407e4836a0_0, 0, 32;
    %delay 10000, 0;
    %pushi/vec4 65535, 0, 32;
    %store/vec4 v000001407e4836a0_0, 0, 32;
    %pushi/vec4 0, 0, 32;
    %store/vec4 v000001407e483880_0, 0, 32;
    %delay 10000, 0;
    %pushi/vec4 1, 0, 32;
    %store/vec4 v000001407e483880_0, 0, 32;
    %delay 10000, 0;
    %pushi/vec4 183489, 0, 32;
    %store/vec4 v000001407e483880_0, 0, 32;
    %delay 10000, 0;
    %pushi/vec4 0, 0, 32;
    %store/vec4 v000001407e483880_0, 0, 32;
    %pushi/vec4 0, 0, 32;
    %store/vec4 v000001407e4836a0_0, 0, 32;
    %vpi_call 3 41 "$finish" {0 0 0};
    %end;
    .thread T_1;
# The file index is used to find the file name in the following table.
:file_names 4;
    "N/A";
    "<interactive>";
    "././module_fadd.v";
    "module_fadd_tb.v";
