#! /c/Source/iverilog-install/bin/vvp
:ivl_version "12.0 (devel)" "(s20150603-1539-g2693dd32b)";
:ivl_delay_selection "TYPICAL";
:vpi_time_precision + 0;
:vpi_module "G:\applications\terminal\iverilog\iverilog\lib\ivl\system.vpi";
:vpi_module "G:\applications\terminal\iverilog\iverilog\lib\ivl\vhdl_sys.vpi";
:vpi_module "G:\applications\terminal\iverilog\iverilog\lib\ivl\vhdl_textio.vpi";
:vpi_module "G:\applications\terminal\iverilog\iverilog\lib\ivl\v2005_math.vpi";
:vpi_module "G:\applications\terminal\iverilog\iverilog\lib\ivl\va_math.vpi";
S_000002aa63f8cb10 .scope module, "top_module" "top_module" 2 1;
 .timescale 0 0;
    .port_info 0 /INPUT 4 "in";
    .port_info 1 /OUTPUT 3 "out_both";
    .port_info 2 /OUTPUT 3 "out_any";
    .port_info 3 /OUTPUT 4 "out_different";
o000002aa64047008 .functor BUFZ 4, C4<zzzz>; HiZ drive
v000002aa63f8cca0_0 .net "in", 3 0, o000002aa64047008;  0 drivers
v000002aa64012e70_0 .var "out_any", 3 1;
v000002aa64012f10_0 .var "out_both", 2 0;
v000002aa64012fb0_0 .var "out_different", 3 0;
E_000002aa63f8d210 .event anyedge, v000002aa63f8cca0_0;
S_000002aa64012ce0 .scope begin, "$ivl_for_loop0" "$ivl_for_loop0" 2 8, 2 8 0, S_000002aa63f8cb10;
 .timescale 0 0;
v000002aa640134d0_0 .var/i "i", 31 0;
    .scope S_000002aa63f8cb10;
T_0 ;
    %wait E_000002aa63f8d210;
    %fork t_1, S_000002aa64012ce0;
    %jmp t_0;
    .scope S_000002aa64012ce0;
t_1 ;
    %pushi/vec4 0, 0, 32;
    %store/vec4 v000002aa640134d0_0, 0, 32;
T_0.0 ;
    %load/vec4 v000002aa640134d0_0;
    %cmpi/s 4, 0, 32;
    %jmp/0xz T_0.1, 5;
    %load/vec4 v000002aa640134d0_0;
    %cmpi/s 3, 0, 32;
    %jmp/0xz  T_0.2, 5;
    %load/vec4 v000002aa63f8cca0_0;
    %load/vec4 v000002aa640134d0_0;
    %part/s 1;
    %load/vec4 v000002aa63f8cca0_0;
    %load/vec4 v000002aa640134d0_0;
    %addi 1, 0, 32;
    %part/s 1;
    %and;
    %ix/getv/s 4, v000002aa640134d0_0;
    %store/vec4 v000002aa64012f10_0, 4, 1;
T_0.2 ;
    %load/vec4 v000002aa640134d0_0;
    %cmpi/s 0, 0, 32;
    %flag_or 5, 4; GT is !LE
    %flag_inv 5;
    %jmp/0xz  T_0.4, 5;
    %load/vec4 v000002aa63f8cca0_0;
    %load/vec4 v000002aa640134d0_0;
    %part/s 1;
    %flag_set/vec4 8;
    %flag_get/vec4 8;
    %jmp/1 T_0.6, 8;
    %load/vec4 v000002aa63f8cca0_0;
    %load/vec4 v000002aa640134d0_0;
    %subi 1, 0, 32;
    %part/s 1;
    %or;
T_0.6;
    %load/vec4 v000002aa640134d0_0;
    %pad/s 34;
    %subi 1, 0, 34;
    %ix/vec4/s 4;
    %store/vec4 v000002aa64012e70_0, 4, 1;
T_0.4 ;
    %load/vec4 v000002aa63f8cca0_0;
    %load/vec4 v000002aa640134d0_0;
    %part/s 1;
    %load/vec4 v000002aa63f8cca0_0;
    %load/vec4 v000002aa640134d0_0;
    %addi 1, 0, 32;
    %part/s 1;
    %xor;
    %ix/getv/s 4, v000002aa640134d0_0;
    %store/vec4 v000002aa64012fb0_0, 4, 1;
    %load/vec4 v000002aa640134d0_0;
    %addi 1, 0, 32;
    %store/vec4 v000002aa640134d0_0, 0, 32;
    %jmp T_0.0;
T_0.1 ;
    %end;
    .scope S_000002aa63f8cb10;
t_0 %join;
    %jmp T_0;
    .thread T_0, $push;
# The file index is used to find the file name in the following table.
:file_names 3;
    "N/A";
    "<interactive>";
    "gatesv.v";
