#! /c/Source/iverilog-install/bin/vvp
:ivl_version "12.0 (devel)" "(s20150603-1539-g2693dd32b)";
:ivl_delay_selection "TYPICAL";
:vpi_time_precision + 0;
:vpi_module "G:\applications\terminal\iverilog\iverilog\lib\ivl\system.vpi";
:vpi_module "G:\applications\terminal\iverilog\iverilog\lib\ivl\vhdl_sys.vpi";
:vpi_module "G:\applications\terminal\iverilog\iverilog\lib\ivl\vhdl_textio.vpi";
:vpi_module "G:\applications\terminal\iverilog\iverilog\lib\ivl\v2005_math.vpi";
:vpi_module "G:\applications\terminal\iverilog\iverilog\lib\ivl\va_math.vpi";
S_000001cb76bb2df0 .scope module, "top_module" "top_module" 2 1;
 .timescale 0 0;
    .port_info 0 /INPUT 3 "in";
    .port_info 1 /OUTPUT 2 "out";
o000001cb76be6fe8 .functor BUFZ 3, C4<zzz>; HiZ drive
v000001cb76b2d8a0_0 .net "in", 2 0, o000001cb76be6fe8;  0 drivers
v000001cb76b2d940_0 .var "out", 1 0;
E_000001cb76be5400 .event anyedge, v000001cb76b2d8a0_0;
S_000001cb76bb2f80 .scope begin, "$ivl_for_loop0" "$ivl_for_loop0" 2 6, 2 6 0, S_000001cb76bb2df0;
 .timescale 0 0;
v000001cb76bb34d0_0 .var/i "i", 31 0;
    .scope S_000001cb76bb2df0;
T_0 ;
    %wait E_000001cb76be5400;
    %fork t_1, S_000001cb76bb2f80;
    %jmp t_0;
    .scope S_000001cb76bb2f80;
t_1 ;
    %pushi/vec4 0, 0, 32;
    %store/vec4 v000001cb76bb34d0_0, 0, 32;
T_0.0 ;
    %load/vec4 v000001cb76bb34d0_0;
    %cmpi/s 3, 0, 32;
    %jmp/0xz T_0.1, 5;
    ; show_stmt_assign_vector: Get l-value for compressed += operand
    %load/vec4 v000001cb76b2d940_0;
    %load/vec4 v000001cb76b2d8a0_0;
    %load/vec4 v000001cb76bb34d0_0;
    %part/s 1;
    %pad/u 2;
    %add;
    %store/vec4 v000001cb76b2d940_0, 0, 2;
    %load/vec4 v000001cb76bb34d0_0;
    %addi 1, 0, 32;
    %store/vec4 v000001cb76bb34d0_0, 0, 32;
    %jmp T_0.0;
T_0.1 ;
    %end;
    .scope S_000001cb76bb2df0;
t_0 %join;
    %jmp T_0;
    .thread T_0, $push;
# The file index is used to find the file name in the following table.
:file_names 3;
    "N/A";
    "<interactive>";
    "popcount3.v";
