#! /c/Source/iverilog-install/bin/vvp
:ivl_version "12.0 (devel)" "(s20150603-1539-g2693dd32b)";
:ivl_delay_selection "TYPICAL";
:vpi_time_precision - 12;
:vpi_module "G:\applications\terminal\iverilog\iverilog\lib\ivl\system.vpi";
:vpi_module "G:\applications\terminal\iverilog\iverilog\lib\ivl\vhdl_sys.vpi";
:vpi_module "G:\applications\terminal\iverilog\iverilog\lib\ivl\vhdl_textio.vpi";
:vpi_module "G:\applications\terminal\iverilog\iverilog\lib\ivl\v2005_math.vpi";
:vpi_module "G:\applications\terminal\iverilog\iverilog\lib\ivl\va_math.vpi";
S_0000025048dfb570 .scope module, "tb_top_module" "tb_top_module" 2 5;
 .timescale -9 -12;
P_0000025048dfd330 .param/l "PERIOD" 0 2 8, +C4<00000000000000000000000000001010>;
v0000025048e8b790_0 .var "in", 254 0;
v0000025048e8b0b0_0 .net "out", 7 0, v0000025048e8b1f0_0;  1 drivers
S_0000025048dfb700 .scope module, "u_top_module" "top_module" 2 18, 3 2 0, S_0000025048dfb570;
 .timescale -9 -12;
    .port_info 0 /INPUT 255 "in";
    .port_info 1 /OUTPUT 8 "out";
v0000025048e8ac50_0 .net "in", 254 0, v0000025048e8b790_0;  1 drivers
v0000025048e8b1f0_0 .var "out", 7 0;
E_0000025048dfdab0 .event anyedge, v0000025048e8ac50_0;
S_0000025048dfc3d0 .scope begin, "$ivl_for_loop0" "$ivl_for_loop0" 3 8, 3 8 0, S_0000025048dfb700;
 .timescale -9 -12;
v0000025048e133d0_0 .var/i "i", 31 0;
    .scope S_0000025048dfb700;
T_0 ;
    %wait E_0000025048dfdab0;
    %pushi/vec4 0, 0, 8;
    %store/vec4 v0000025048e8b1f0_0, 0, 8;
    %fork t_1, S_0000025048dfc3d0;
    %jmp t_0;
    .scope S_0000025048dfc3d0;
t_1 ;
    %pushi/vec4 0, 0, 32;
    %store/vec4 v0000025048e133d0_0, 0, 32;
T_0.0 ;
    %load/vec4 v0000025048e133d0_0;
    %cmpi/s 255, 0, 32;
    %jmp/0xz T_0.1, 5;
    ; show_stmt_assign_vector: Get l-value for compressed += operand
    %load/vec4 v0000025048e8b1f0_0;
    %load/vec4 v0000025048e8ac50_0;
    %load/vec4 v0000025048e133d0_0;
    %part/s 1;
    %pad/u 8;
    %add;
    %store/vec4 v0000025048e8b1f0_0, 0, 8;
    ; show_stmt_assign_vector: Get l-value for compressed += operand
    %load/vec4 v0000025048e133d0_0;
    %pushi/vec4 1, 0, 32;
    %add;
    %store/vec4 v0000025048e133d0_0, 0, 32;
    %jmp T_0.0;
T_0.1 ;
    %end;
    .scope S_0000025048dfb700;
t_0 %join;
    %jmp T_0;
    .thread T_0, $push;
    .scope S_0000025048dfb570;
T_1 ;
    %pushi/vec4 0, 0, 255;
    %store/vec4 v0000025048e8b790_0, 0, 255;
    %end;
    .thread T_1;
    .scope S_0000025048dfb570;
T_2 ;
    %vpi_call 2 25 "$dumpfile", "./popcount255.vcd" {0 0 0};
    %vpi_call 2 26 "$dumpvars" {0 0 0};
    %pushi/vec4 2863311530, 0, 35;
    %concati/vec4 2863311530, 0, 32;
    %concati/vec4 2863311530, 0, 32;
    %concati/vec4 2863311530, 0, 32;
    %concati/vec4 2863311530, 0, 32;
    %concati/vec4 2863311530, 0, 32;
    %concati/vec4 2863311530, 0, 32;
    %concati/vec4 178956970, 0, 28;
    %store/vec4 v0000025048e8b790_0, 0, 255;
    %delay 10000, 0;
    %pushi/vec4 4008636142, 0, 36;
    %concati/vec4 4008636142, 0, 32;
    %concati/vec4 4008636142, 0, 32;
    %concati/vec4 4008636142, 0, 32;
    %concati/vec4 4008636142, 0, 32;
    %concati/vec4 4008636142, 0, 32;
    %concati/vec4 4008636142, 0, 32;
    %concati/vec4 125269879, 0, 27;
    %store/vec4 v0000025048e8b790_0, 0, 255;
    %delay 10000, 0;
    %vpi_call 2 30 "$finish" {0 0 0};
    %end;
    .thread T_2;
# The file index is used to find the file name in the following table.
:file_names 4;
    "N/A";
    "<interactive>";
    "popcount255_tb.v";
    "././popcount255.v";
